Performing C SOURCE FILE Test CMAKE_HAVE_LIBC_PTHREAD failed with the following output:
Change Dir: /hdd/ros2_tfm_ws/src/tfm_landmark_based_localization_package/build/CMakeFiles/CMakeTmp

Run Build Command(s):/usr/bin/ninja cmTC_7df3e && [1/2] Building C object CMakeFiles/cmTC_7df3e.dir/src.c.o
[2/2] Linking C executable cmTC_7df3e
FAILED: cmTC_7df3e 
: && /usr/bin/gcc -DCMAKE_HAVE_LIBC_PTHREAD   CMakeFiles/cmTC_7df3e.dir/src.c.o  -o cmTC_7df3e   && :
/usr/bin/ld: CMakeFiles/cmTC_7df3e.dir/src.c.o: en la función `main':
src.c:(.text+0x46): referencia a `pthread_create' sin definir
/usr/bin/ld: src.c:(.text+0x52): referencia a `pthread_detach' sin definir
/usr/bin/ld: src.c:(.text+0x63): referencia a `pthread_join' sin definir
collect2: error: ld returned 1 exit status
ninja: build stopped: subcommand failed.


Source file was:
#include <pthread.h>

void* test_func(void* data)
{
  return data;
}

int main(void)
{
  pthread_t thread;
  pthread_create(&thread, NULL, test_func, NULL);
  pthread_detach(thread);
  pthread_join(thread, NULL);
  pthread_atfork(NULL, NULL, NULL);
  pthread_exit(NULL);

  return 0;
}

Determining if the function pthread_create exists in the pthreads failed with the following output:
Change Dir: /hdd/ros2_tfm_ws/src/tfm_landmark_based_localization_package/build/CMakeFiles/CMakeTmp

Run Build Command(s):/usr/bin/ninja cmTC_1b750 && [1/2] Building C object CMakeFiles/cmTC_1b750.dir/CheckFunctionExists.c.o
[2/2] Linking C executable cmTC_1b750
FAILED: cmTC_1b750 
: && /usr/bin/gcc -DCHECK_FUNCTION_EXISTS=pthread_create   CMakeFiles/cmTC_1b750.dir/CheckFunctionExists.c.o  -o cmTC_1b750  -lpthreads && :
/usr/bin/ld: no se puede encontrar -lpthreads
collect2: error: ld returned 1 exit status
ninja: build stopped: subcommand failed.



